\BOOKMARK [1][-]{section.1}{Introduction}{}% 1
\BOOKMARK [1][-]{section.2}{Features}{}% 2
\BOOKMARK [2][-]{subsection.2.1}{Camera controls}{section.2}% 3
\BOOKMARK [1][-]{section.3}{Overview of the Program}{}% 4
\BOOKMARK [2][-]{subsection.3.1}{Objects}{section.3}% 5
\BOOKMARK [2][-]{subsection.3.2}{Renderer}{section.3}% 6
\BOOKMARK [2][-]{subsection.3.3}{Math}{section.3}% 7
\BOOKMARK [3][-]{subsubsection.3.3.1}{Single calculation}{subsection.3.3}% 8
\BOOKMARK [1][-]{section.4}{Issues with the renderer}{}% 9
\BOOKMARK [2][-]{subsection.4.1}{Screenpoint calculations}{section.4}% 10
\BOOKMARK [2][-]{subsection.4.2}{Camera/lookpoint crash}{section.4}% 11
\BOOKMARK [1][-]{section.5}{Conclusion}{}% 12
\BOOKMARK [1][-]{section.6}{Future Work}{}% 13
\BOOKMARK [2][-]{subsection.6.1}{Load triangles/vertices from a file}{section.6}% 14
\BOOKMARK [2][-]{subsection.6.2}{Test performance}{section.6}% 15
\BOOKMARK [2][-]{subsection.6.3}{Frustum culling}{section.6}% 16
\BOOKMARK [2][-]{subsection.6.4}{Better camera controls}{section.6}% 17
\BOOKMARK [3][-]{subsubsection.6.4.1}{Change camera variables}{subsection.6.4}% 18
\BOOKMARK [1][-]{section.7}{Appendix}{}% 19
\BOOKMARK [2][-]{subsection.7.1}{Screenshots}{section.7}% 20
